<?xml version="1.0" encoding="UTF-8"?>
<testng-results ignored="0" total="1" passed="1" failed="0" skipped="0">
  <reporter-output>
  </reporter-output>
  <suite started-at="2023-11-13T11:57:25 IST" name="Default suite" finished-at="2023-11-13T11:57:39 IST" duration-ms="13296">
    <groups>
    </groups>
    <test started-at="2023-11-13T11:57:25 IST" name="Default test" finished-at="2023-11-13T11:57:39 IST" duration-ms="13296">
      <class name="testCaseRepo.Tc_04">
        <test-method is-config="true" signature="dbConnection()[pri:0, instance:testCaseRepo.Tc_04@550dbc7a]" started-at="2023-11-13T11:57:25 IST" name="dbConnection" finished-at="2023-11-13T11:57:25 IST" duration-ms="150" status="PASS">
          <reporter-output>
          </reporter-output>
        </test-method> <!-- dbConnection -->
        <test-method is-config="true" signature="launchBrowser()[pri:0, instance:testCaseRepo.Tc_04@550dbc7a]" started-at="2023-11-13T11:57:25 IST" name="launchBrowser" finished-at="2023-11-13T11:57:29 IST" duration-ms="3262" status="PASS">
          <reporter-output>
          </reporter-output>
        </test-method> <!-- launchBrowser -->
        <test-method is-config="true" signature="loginOperation()[pri:0, instance:testCaseRepo.Tc_04@550dbc7a]" started-at="2023-11-13T11:57:29 IST" name="loginOperation" finished-at="2023-11-13T11:57:30 IST" duration-ms="1802" status="PASS">
          <reporter-output>
          </reporter-output>
        </test-method> <!-- loginOperation -->
        <test-method signature="orgMod()[pri:0, instance:testCaseRepo.Tc_04@550dbc7a]" started-at="2023-11-13T11:57:30 IST" name="orgMod" finished-at="2023-11-13T11:57:37 IST" duration-ms="7071" status="PASS">
          <reporter-output>
          </reporter-output>
        </test-method> <!-- orgMod -->
        <test-method is-config="true" signature="logoutOperation()[pri:0, instance:testCaseRepo.Tc_04@550dbc7a]" started-at="2023-11-13T11:57:37 IST" name="logoutOperation" finished-at="2023-11-13T11:57:38 IST" duration-ms="988" status="PASS">
          <reporter-output>
          </reporter-output>
        </test-method> <!-- logoutOperation -->
        <test-method is-config="true" signature="closeWindow()[pri:0, instance:testCaseRepo.Tc_04@550dbc7a]" started-at="2023-11-13T11:57:38 IST" name="closeWindow" finished-at="2023-11-13T11:57:39 IST" duration-ms="140" status="PASS">
          <reporter-output>
          </reporter-output>
        </test-method> <!-- closeWindow -->
        <test-method is-config="true" signature="closeDbConnection()[pri:0, instance:testCaseRepo.Tc_04@550dbc7a]" started-at="2023-11-13T11:57:39 IST" name="closeDbConnection" finished-at="2023-11-13T11:57:39 IST" duration-ms="1" status="FAIL">
          <exception class="java.lang.NullPointerException">
            <message>
              <![CDATA[Cannot invoke "java.sql.Connection.close()" because "this.c" is null]]>
            </message>
            <full-stacktrace>
              <![CDATA[java.lang.NullPointerException: Cannot invoke "java.sql.Connection.close()" because "this.c" is null
at genericUtility.DataBaseUtility.closeConnection(DataBaseUtility.java:29)
at genericUtility.BaseClass.closeDbConnection(BaseClass.java:64)
at java.base/jdk.internal.reflect.DirectMethodHandleAccessor.invoke(DirectMethodHandleAccessor.java:104)
at java.base/java.lang.reflect.Method.invoke(Method.java:577)
at org.testng.internal.MethodInvocationHelper.invokeMethod(MethodInvocationHelper.java:133)
at org.testng.internal.MethodInvocationHelper.invokeMethodConsideringTimeout(MethodInvocationHelper.java:62)
at org.testng.internal.ConfigInvoker.invokeConfigurationMethod(ConfigInvoker.java:385)
at org.testng.internal.ConfigInvoker.invokeConfigurations(ConfigInvoker.java:321)
at org.testng.SuiteRunner.privateRun(SuiteRunner.java:344)
at org.testng.SuiteRunner.run(SuiteRunner.java:276)
at org.testng.SuiteRunnerWorker.runSuite(SuiteRunnerWorker.java:53)
at org.testng.SuiteRunnerWorker.run(SuiteRunnerWorker.java:96)
at org.testng.TestNG.runSuitesSequentially(TestNG.java:1212)
at org.testng.TestNG.runSuitesLocally(TestNG.java:1134)
at org.testng.TestNG.runSuites(TestNG.java:1063)
at org.testng.TestNG.run(TestNG.java:1031)
at org.testng.remote.AbstractRemoteTestNG.run(AbstractRemoteTestNG.java:115)
at org.testng.remote.RemoteTestNG.initAndRun(RemoteTestNG.java:251)
at org.testng.remote.RemoteTestNG.main(RemoteTestNG.java:77)
]]>
            </full-stacktrace>
          </exception> <!-- java.lang.NullPointerException -->
          <reporter-output>
          </reporter-output>
        </test-method> <!-- closeDbConnection -->
      </class> <!-- testCaseRepo.Tc_04 -->
    </test> <!-- Default test -->
  </suite> <!-- Default suite -->
</testng-results>
